cpanm (App::cpanminus) 1.7039 on perl 5.022001 built for x86_64-linux
Work directory is /home/hackers/.cpanm/work/1515033437.27805
You have make /usr/bin/make
You have /usr/bin/wget
You have /bin/tar: tar (GNU tar) 1.23
Copyright (C) 2010 Free Software Foundation, Inc.
使用許諾 GPLv3+: GNU GPL version 3 またはそれ以降 <http://gnu.org/licenses/gpl.html>
This is free software: you are free to change and redistribute it.
There is NO WARRANTY, to the extent permitted by law.

[参考訳]
これはフリーソフトウェアです. 変更と再配布は自由です.
法律で認められる範囲で「無保証」です.

作者: John Gilmore, Jay Fenlason.
You have /usr/bin/unzip
--> Working on /home/hackers/TrainingHackers/webapp/
Entering /home/hackers/TrainingHackers/webapp
Configuring /home/hackers/TrainingHackers/webapp
-> OK
Checking if you have JavaScript::Value::Escape 0 ... Yes (0.07)
Checking if you have Starlet 0 ... Yes (0.28)
Checking if you have Server::Starter 0 ... Yes (0.32)
Checking if you have Log::Dispatch 0 ... Yes (2.53)
Checking if you have Plack 0 ... Yes (1.0039)
Checking if you have Plack::Middleware::LogErrors 0 ... Yes (0.002)
Checking if you have Router::Boom 0 ... Yes (1.02)
Checking if you have HTML::FillInForm::Lite 0 ... Yes (1.13)
Checking if you have DBIx::Sunny 0 ... Yes (0.22)
Checking if you have Text::Xslate 0 ... Yes (3.3.9)
Checking if you have DBD::mysql 0 ... Yes (4.033)
Checking if you have JSON::XS 0 ... No
Checking if you have Plack::Middleware::ReverseProxy 0 ... Yes (0.15)
Checking if you have Sub::Data::Recursive 0 ... Yes (0.01)
==> Found dependencies: JSON::XS
Searching JSON::XS on mirror index /home/hackers/TrainingHackers/webapp/local/cache/modules/02packages.details.txt ...
Searching JSON::XS (0) on cpanmetadb ...
--> Working on JSON::XS
Fetching http://cpan.metacpan.org/authors/id/M/ML/MLEHMANN/JSON-XS-3.04.tar.gz
-> OK
Unpacking JSON-XS-3.04.tar.gz
Copying JSON-XS-3.04.tar.gz to /home/hackers/TrainingHackers/webapp/local/cache/authors/id/M/ML/MLEHMANN/JSON-XS-3.04.tar.gz
Entering JSON-XS-3.04
Checking configure dependencies from META.json
Checking if you have Canary::Stability 0 ... No
Checking if you have ExtUtils::MakeMaker 6.58 ... Yes (7.04_01)
==> Found dependencies: Canary::Stability
Searching Canary::Stability on mirror index /home/hackers/TrainingHackers/webapp/local/cache/modules/02packages.details.txt ...
Searching Canary::Stability (0) on cpanmetadb ...
--> Working on Canary::Stability
Fetching http://cpan.metacpan.org/authors/id/M/ML/MLEHMANN/Canary-Stability-2012.tar.gz
-> OK
Unpacking Canary-Stability-2012.tar.gz
Copying Canary-Stability-2012.tar.gz to /home/hackers/TrainingHackers/webapp/local/cache/authors/id/M/ML/MLEHMANN/Canary-Stability-2012.tar.gz
Entering Canary-Stability-2012
Checking configure dependencies from META.json
Checking if you have ExtUtils::MakeMaker 6.58 ... Yes (7.04_01)
Configuring Canary-Stability-2012
Running Makefile.PL
Checking if your kit is complete...
Looks good
Generating a Unix-style Makefile
Writing Makefile for Canary::Stability
Writing MYMETA.yml and MYMETA.json
-> OK
Checking dependencies from MYMETA.json ...
Checking if you have ExtUtils::MakeMaker 0 ... Yes (7.04_01)
Building Canary-Stability-2012
cp Stability.pm blib/lib/Canary/Stability.pm
Installing /home/hackers/TrainingHackers/webapp/local/lib/perl5/Canary/Stability.pm
Appending installation info to /home/hackers/TrainingHackers/webapp/local/lib/perl5/x86_64-linux/perllocal.pod
-> OK
Successfully installed Canary-Stability-2012
Installing /home/hackers/TrainingHackers/webapp/local/lib/perl5/x86_64-linux/.meta/Canary-Stability-2012/install.json
Installing /home/hackers/TrainingHackers/webapp/local/lib/perl5/x86_64-linux/.meta/Canary-Stability-2012/MYMETA.json
Configuring JSON-XS-3.04
Running Makefile.PL

***
*** Canary::Stability COMPATIBILITY AND SUPPORT CHECK
*** =================================================
***
*** Hi!
***
*** I do my best to provide predictable and reliable software.
***
*** However, in recent releases, P5P (who maintain perl) have been
*** introducing regressions that are sometimes subtle and at other times
*** catastrophic, often for personal preferences with little or no concern
*** for existing code, most notably CPAN.
***
*** For this reason, it has become very hard for me to maintain the level
*** of reliability and support I have committed myself to in the past, at
*** least with some perl versions: I simply can't keep up working around new
*** bugs or gratituous incompatibilities, and in turn you might suffer from
*** unanticipated problems.
***
*** Therefore I have introduced a support and compatibility check, the results
*** of which follow below, together with a FAQ and some recommendations.
***
*** This check is just to let you know that there might be a risk, so you can
*** make judgement calls on how to proceed - it will not keep the module from
*** installing or working.
***
*** The stability canary says: (nothing, it was driven away by harsh weather)
***
*** It seems you are running perl version 5.022001, likely the "official" or
*** "standard" version. While there is nothing wrong with doing that,
*** standard perl versions 5.022 and up are not supported by JSON::XS.
*** While this might be fatal, it might also be all right - if you run into
*** problems, you might want to downgrade your perl or switch to the
*** stability branch.
***
*** If everything works fine, you can ignore this message.
***
*** Stability canary mini-FAQ:
***
*** Do I need to do anything?
***    With luck, no. While some distributions are known to fail
***    already, most should probably work. This message is here
***    to alert you that your perl is not supported by JSON::XS,
***    and if things go wrong, you either need to downgrade, or
***    sidegrade to the stability variant of your perl version,
***    or simply live with the consequences.
***
*** What is this canary thing?
***    It's purpose is to check support status of JSON::XS with
***    respect to your perl version.
***
*** What is this "stability branch"?
***    It's a branch or fork of the official perl, by schmorp, to
***    improve stability and compatibility with existing modules.
***
*** How can I skip this prompt on automated installs?
***    Set PERL_CANARY_STABILITY_NOPROMPT=1 in your environment.
***    More info is in the Canary::Stability manpage.
***
*** Long version of this FAQ: http://stableperl.schmorp.de/faq.html
*** Stability Branch homepage: http://stableperl.schmorp.de/
***

Continue anyways?  [y] y
Warning: prerequisite Types::Serialiser 0 not found.
Warning: prerequisite common::sense 0 not found.
Checking if your kit is complete...
Looks good
Generating a Unix-style Makefile
Writing Makefile for JSON::XS
Writing MYMETA.yml and MYMETA.json
-> OK
Checking dependencies from MYMETA.json ...
Checking if you have Types::Serialiser 0 ... No
Checking if you have common::sense 0 ... No
Checking if you have ExtUtils::MakeMaker 0 ... Yes (7.04_01)
==> Found dependencies: Types::Serialiser, common::sense
Searching Types::Serialiser on mirror index /home/hackers/TrainingHackers/webapp/local/cache/modules/02packages.details.txt ...
Searching Types::Serialiser (0) on cpanmetadb ...
--> Working on Types::Serialiser
Fetching http://cpan.metacpan.org/authors/id/M/ML/MLEHMANN/Types-Serialiser-1.0.tar.gz
-> OK
Unpacking Types-Serialiser-1.0.tar.gz
Copying Types-Serialiser-1.0.tar.gz to /home/hackers/TrainingHackers/webapp/local/cache/authors/id/M/ML/MLEHMANN/Types-Serialiser-1.0.tar.gz
Entering Types-Serialiser-1.0
Checking configure dependencies from META.json
Checking if you have ExtUtils::MakeMaker 6.58 ... Yes (7.04_01)
Configuring Types-Serialiser-1.0
Running Makefile.PL
Warning: prerequisite common::sense 0 not found.
Checking if your kit is complete...
Looks good
Generating a Unix-style Makefile
Writing Makefile for Types::Serialiser
Writing MYMETA.yml and MYMETA.json
-> OK
Checking dependencies from MYMETA.json ...
Checking if you have ExtUtils::MakeMaker 0 ... Yes (7.04_01)
Checking if you have common::sense 0 ... No
==> Found dependencies: common::sense
Searching common::sense on mirror index /home/hackers/TrainingHackers/webapp/local/cache/modules/02packages.details.txt ...
Searching common::sense (0) on cpanmetadb ...
--> Working on common::sense
Fetching http://cpan.metacpan.org/authors/id/M/ML/MLEHMANN/common-sense-3.74.tar.gz
-> OK
Unpacking common-sense-3.74.tar.gz
Copying common-sense-3.74.tar.gz to /home/hackers/TrainingHackers/webapp/local/cache/authors/id/M/ML/MLEHMANN/common-sense-3.74.tar.gz
Entering common-sense-3.74
Checking configure dependencies from META.json
Checking if you have ExtUtils::MakeMaker 6.58 ... Yes (7.04_01)
Configuring common-sense-3.74
Running Makefile.PL
Checking if your kit is complete...
Looks good
Generating a Unix-style Makefile
Writing Makefile for common::sense
Writing MYMETA.yml and MYMETA.json
-> OK
Checking dependencies from MYMETA.json ...
Checking if you have ExtUtils::MakeMaker 0 ... Yes (7.04_01)
Building common-sense-3.74
"/home/hackers/.plenv/versions/5.22.1/bin/perl5.22.1" sense.pm.PL sense.pm
cp sense.pod blib/lib/common/sense.pod
cp sense.pm blib/arch/common/sense.pm
Files found in blib/arch: installing files in blib/lib into architecture dependent library tree
Installing /home/hackers/TrainingHackers/webapp/local/lib/perl5/x86_64-linux/common/sense.pm
Installing /home/hackers/TrainingHackers/webapp/local/lib/perl5/x86_64-linux/common/sense.pod
Appending installation info to /home/hackers/TrainingHackers/webapp/local/lib/perl5/x86_64-linux/perllocal.pod
-> OK
Successfully installed common-sense-3.74
Installing /home/hackers/TrainingHackers/webapp/local/lib/perl5/x86_64-linux/.meta/common-sense-3.74/install.json
Installing /home/hackers/TrainingHackers/webapp/local/lib/perl5/x86_64-linux/.meta/common-sense-3.74/MYMETA.json
Building Types-Serialiser-1.0
cp Serialiser.pm blib/lib/Types/Serialiser.pm
cp Serialiser/Error.pm blib/lib/Types/Serialiser/Error.pm
Installing /home/hackers/TrainingHackers/webapp/local/lib/perl5/Types/Serialiser.pm
Installing /home/hackers/TrainingHackers/webapp/local/lib/perl5/Types/Serialiser/Error.pm
Appending installation info to /home/hackers/TrainingHackers/webapp/local/lib/perl5/x86_64-linux/perllocal.pod
-> OK
Successfully installed Types-Serialiser-1.0
Installing /home/hackers/TrainingHackers/webapp/local/lib/perl5/x86_64-linux/.meta/Types-Serialiser-1.0/install.json
Installing /home/hackers/TrainingHackers/webapp/local/lib/perl5/x86_64-linux/.meta/Types-Serialiser-1.0/MYMETA.json
Already tried common::sense. Skipping.
Building JSON-XS-3.04
cp XS/Boolean.pm blib/lib/JSON/XS/Boolean.pm
cp XS.pm blib/lib/JSON/XS.pm
Running Mkbootstrap for JSON::XS ()
chmod 644 "XS.bs"
"/home/hackers/.plenv/versions/5.22.1/bin/perl5.22.1" "/home/hackers/.plenv/versions/5.22.1/lib/perl5/5.22.1/ExtUtils/xsubpp"  -typemap "/home/hackers/.plenv/versions/5.22.1/lib/perl5/5.22.1/ExtUtils/typemap" -typemap "typemap"  XS.xs > XS.xsc && mv XS.xsc XS.c
cc -c   -fwrapv -fno-strict-aliasing -pipe -fstack-protector -I/usr/local/include -D_LARGEFILE_SOURCE -D_FILE_OFFSET_BITS=64 -D_FORTIFY_SOURCE=2 -O2   -DVERSION=\"3.04\" -DXS_VERSION=\"3.04\" -fPIC "-I/home/hackers/.plenv/versions/5.22.1/lib/perl5/5.22.1/x86_64-linux/CORE"   XS.c
XS.xs: In function ‘encode_sv’:
XS.xs:899: 警告: ignoring return value of ‘gcvt’, declared with attribute warn_unused_result
rm -f blib/arch/auto/JSON/XS/XS.so
cc  -shared -O2 -L/usr/local/lib -fstack-protector XS.o  -o blib/arch/auto/JSON/XS/XS.so 	\
	     	\
	  
chmod 755 blib/arch/auto/JSON/XS/XS.so
"/home/hackers/.plenv/versions/5.22.1/bin/perl5.22.1" -MExtUtils::Command::MM -e 'cp_nonempty' -- XS.bs blib/arch/auto/JSON/XS/XS.bs 644
cp bin/json_xs blib/script/json_xs
"/home/hackers/.plenv/versions/5.22.1/bin/perl5.22.1" -MExtUtils::MY -e 'MY->fixin(shift)' -- blib/script/json_xs
Running Mkbootstrap for JSON::XS ()
chmod 644 "XS.bs"
Files found in blib/arch: installing files in blib/lib into architecture dependent library tree
Installing /home/hackers/TrainingHackers/webapp/local/lib/perl5/x86_64-linux/auto/JSON/XS/XS.so
Installing /home/hackers/TrainingHackers/webapp/local/lib/perl5/x86_64-linux/JSON/XS.pm
Installing /home/hackers/TrainingHackers/webapp/local/lib/perl5/x86_64-linux/JSON/XS/Boolean.pm
Installing /home/hackers/TrainingHackers/webapp/local/bin/json_xs
Appending installation info to /home/hackers/TrainingHackers/webapp/local/lib/perl5/x86_64-linux/perllocal.pod
-> OK
Successfully installed JSON-XS-3.04
Installing /home/hackers/TrainingHackers/webapp/local/lib/perl5/x86_64-linux/.meta/JSON-XS-3.04/install.json
Installing /home/hackers/TrainingHackers/webapp/local/lib/perl5/x86_64-linux/.meta/JSON-XS-3.04/MYMETA.json
<== Installed dependencies for /home/hackers/TrainingHackers/webapp/. Finishing.
4 distributions installed
